<!DOCTYPE html PUBLIC "-//W3C//DTD XHTML 1.1//EN" "https://www.w3.org/TR/xhtml11/DTD/xhtml11.dtd">
<html xmlns="https://www.w3.org/1999/xhtml">
<head>
<meta charset='utf-8'>
<title>TestNG Report</title>
<style type="text/css">
table {margin-bottom:10px;border-collapse:collapse;empty-cells:show}
td,th {border:1px solid #009;padding:.25em .5em}
.result th {vertical-align:bottom}
.param th {padding-left:1em;padding-right:1em}
.param td {padding-left:.5em;padding-right:2em}
.stripe td,.stripe th {background-color: #E6EBF9}
.numi,.numi_attn {text-align:right}
.total td {font-weight:bold}
.passedodd td {background-color: #0A0}
.passedeven td {background-color: #3F3}
.skippedodd td {background-color: #CCC}
.skippedodd td {background-color: #DDD}
.failedodd td,.numi_attn {background-color: #F33}
.failedeven td,.stripe .numi_attn {background-color: #D00}
.stacktrace {white-space:pre;font-family:monospace}
.totop {font-size:85%;text-align:center;border-bottom:2px solid #000}
</style>
</head>
<body>
<table cellspacing="0" cellpadding="0" class="testOverview">
<tr><th>Test</th><th>Methods<br/>Passed</th><th>Scenarios<br/>Passed</th><th># skipped</th><th># failed</th><th>Total<br/>Time</th><th>Included<br/>Groups</th><th>Excluded<br/>Groups</th></tr>
<tr><td style="text-align:left;padding-right:2em"><a href="#t1">E:/Automation_TestNg_Latest/Automation_TestNg</a></td><td class="numi">4</td><td class="numi">4</td><td class="numi">0</td><td class="numi_attn">2</td><td class="numi">131.8 seconds</td><td class="numi"></td><td class="numi"></td></tr>
</table>
<table cellspacing="0" cellpadding="0" class="methodOverview" id="summary">
<tr><th>Class</th><th>Method</th><th># of<br/>Scenarios</th><th>Start</th><th>Time<br/>(ms)</th></tr>
<tr id="t1"><th colspan="5">E:/Automation_TestNg_Latest/Automation_TestNg &#8212; failed</th></tr>
<tr class="failedodd"><td rowspan="2">com.qa.App.test.HomePageTest</td><td><a href="#m1"><b>ValidateCartTotal</b>  </a></td><td class="numi">1</td><td>1658462401379</td><td class="numi">7562</td></tr><tr class="failedodd"><td><a href="#m2"><b>contactpageValidateSuccessfulSubmissionofContactForm</b>  </a></td><td class="numi">1</td><td>1658462319289</td><td class="numi">46999</td></tr>
<tr><th colspan="5">E:/Automation_TestNg_Latest/Automation_TestNg &#8212; passed</th></tr>
<tr class="passedodd"><td rowspan="4">com.qa.App.test.HomePageTest</td><td><a href="#m3"><b>verifyLoginPageTitleTest</b>  </a></td><td class="numi">1</td><td>1658462292237</td><td class="numi">10014</td></tr><tr class="passedodd"><td><a href="#m4"><b>ValidateCartItems</b>  </a></td><td class="numi">1</td><td>1658462366299</td><td class="numi">7632</td></tr><tr class="passedodd"><td><a href="#m5"><b>homePageTitleTest</b>  </a></td><td class="numi">1</td><td>1658462302256</td><td class="numi">17031</td></tr><tr class="passedodd"><td><a href="#m6"><b>contactpageValidateErrorTest</b>  </a></td><td class="numi">1</td><td>1658462373931</td><td class="numi">27446</td></tr>
</table>
<h1>E:/Automation_TestNg_Latest/Automation_TestNg</h1>
<h2 id="m1">com.qa.App.test.HomePageTest:ValidateCartTotal</h2>
<div>
<div class="stacktrace">java.lang.AssertionError: expected [49.95] but found [59.94]
	at org.testng.Assert.fail(Assert.java:99)
	at org.testng.Assert.failNotEquals(Assert.java:1037)
	at org.testng.Assert.assertEqualsImpl(Assert.java:140)
	at org.testng.Assert.assertEquals(Assert.java:122)
	at org.testng.Assert.assertEquals(Assert.java:629)
	at org.testng.Assert.assertEquals(Assert.java:639)
	at com.qa.App.pages.HomePage.VerifyCartSubtotals(HomePage.java:214)
	at com.qa.App.test.HomePageTest.ValidateCartTotal(HomePageTest.java:104)
	at java.base/jdk.internal.reflect.DirectMethodHandleAccessor.invoke(DirectMethodHandleAccessor.java:104)
	at java.base/java.lang.reflect.Method.invoke(Method.java:577)
	at org.testng.internal.MethodInvocationHelper.invokeMethod(MethodInvocationHelper.java:133)
	at org.testng.internal.TestInvoker.invokeMethod(TestInvoker.java:598)
	at org.testng.internal.TestInvoker.invokeTestMethod(TestInvoker.java:173)
	at org.testng.internal.MethodRunner.runInSequence(MethodRunner.java:46)
	at org.testng.internal.TestInvoker$MethodInvocationAgent.invoke(TestInvoker.java:824)
	at org.testng.internal.TestInvoker.invokeTestMethods(TestInvoker.java:146)
	at org.testng.internal.TestMethodWorker.invokeTestMethods(TestMethodWorker.java:146)
	at org.testng.internal.TestMethodWorker.run(TestMethodWorker.java:128)
	at java.base/java.util.ArrayList.forEach(ArrayList.java:1511)
	at org.testng.TestRunner.privateRun(TestRunner.java:794)
	at org.testng.TestRunner.run(TestRunner.java:596)
	at org.testng.SuiteRunner.runTest(SuiteRunner.java:377)
	at org.testng.SuiteRunner.runSequentially(SuiteRunner.java:371)
	at org.testng.SuiteRunner.privateRun(SuiteRunner.java:332)
	at org.testng.SuiteRunner.run(SuiteRunner.java:276)
	at org.testng.SuiteRunnerWorker.runSuite(SuiteRunnerWorker.java:53)
	at org.testng.SuiteRunnerWorker.run(SuiteRunnerWorker.java:96)
	at org.testng.TestNG.runSuitesSequentially(TestNG.java:1212)
	at org.testng.TestNG.runSuitesLocally(TestNG.java:1134)
	at org.testng.TestNG.runSuites(TestNG.java:1063)
	at org.testng.TestNG.run(TestNG.java:1031)
	at com.intellij.rt.testng.IDEARemoteTestNG.run(IDEARemoteTestNG.java:66)
	at com.intellij.rt.testng.RemoteTestNGStarter.main(RemoteTestNGStarter.java:109)
</div>
</div>
<p class="totop"><a href="#summary">back to summary</a></p>
<h2 id="m2">com.qa.App.test.HomePageTest:contactpageValidateSuccessfulSubmissionofContactForm</h2>
<div>
<div class="stacktrace">org.openqa.selenium.NoSuchElementException: no such element: Unable to locate element: {&quot;method&quot;:&quot;xpath&quot;,&quot;selector&quot;:&quot;//div[@class=&apos;alert alert-success&apos;]&quot;}
  (Session info: chrome=103.0.5060.134)
For documentation on this error, please visit: https://www.seleniumhq.org/exceptions/no_such_element.html
Build info: version: &apos;3.141.59&apos;, revision: &apos;e82be7d358&apos;, time: &apos;2018-11-14T08:17:03&apos;
System info: host: &apos;DESKTOP-67QC558&apos;, ip: &apos;192.168.29.244&apos;, os.name: &apos;Windows 11&apos;, os.arch: &apos;amd64&apos;, os.version: &apos;10.0&apos;, java.version: &apos;18.0.1.1&apos;
Driver info: org.openqa.selenium.chrome.ChromeDriver
Capabilities {acceptInsecureCerts: false, browserName: chrome, browserVersion: 103.0.5060.134, chrome: {chromedriverVersion: 103.0.5060.134 (8ec6fce403b..., userDataDir: C:\Users\HP\AppData\Local\T...}, goog:chromeOptions: {debuggerAddress: localhost:60025}, javascriptEnabled: true, networkConnectionEnabled: false, pageLoadStrategy: normal, platform: WINDOWS, platformName: WINDOWS, proxy: Proxy(), setWindowRect: true, strictFileInteractability: false, timeouts: {implicit: 0, pageLoad: 300000, script: 30000}, unhandledPromptBehavior: dismiss and notify, webauthn:extension:credBlob: true, webauthn:extension:largeBlob: true, webauthn:virtualAuthenticators: true}
Session ID: 9daba429bc6cfee355754a42ba5365b0
*** Element info: {Using=xpath, value=//div[@class=&apos;alert alert-success&apos;]}
	at java.base/jdk.internal.reflect.DirectConstructorHandleAccessor.newInstance(DirectConstructorHandleAccessor.java:67)
	at java.base/java.lang.reflect.Constructor.newInstanceWithCaller(Constructor.java:499)
	at java.base/java.lang.reflect.Constructor.newInstance(Constructor.java:483)
	at org.openqa.selenium.remote.http.W3CHttpResponseCodec.createException(W3CHttpResponseCodec.java:187)
	at org.openqa.selenium.remote.http.W3CHttpResponseCodec.decode(W3CHttpResponseCodec.java:122)
	at org.openqa.selenium.remote.http.W3CHttpResponseCodec.decode(W3CHttpResponseCodec.java:49)
	at org.openqa.selenium.remote.HttpCommandExecutor.execute(HttpCommandExecutor.java:158)
	at org.openqa.selenium.remote.service.DriverCommandExecutor.execute(DriverCommandExecutor.java:83)
	at org.openqa.selenium.remote.RemoteWebDriver.execute(RemoteWebDriver.java:552)
	at org.openqa.selenium.remote.RemoteWebDriver.findElement(RemoteWebDriver.java:323)
	at org.openqa.selenium.remote.RemoteWebDriver.findElementByXPath(RemoteWebDriver.java:428)
	at org.openqa.selenium.By$ByXPath.findElement(By.java:353)
	at org.openqa.selenium.remote.RemoteWebDriver.findElement(RemoteWebDriver.java:315)
	at com.qa.App.pages.HomePage.VerifyFormSubmittedSuccessfully(HomePage.java:150)
	at com.qa.App.test.HomePageTest.contactpageValidateSuccessfulSubmissionofContactForm(HomePageTest.java:51)
	at java.base/jdk.internal.reflect.DirectMethodHandleAccessor.invoke(DirectMethodHandleAccessor.java:104)
	at java.base/java.lang.reflect.Method.invoke(Method.java:577)
	at org.testng.internal.MethodInvocationHelper.invokeMethod(MethodInvocationHelper.java:133)
	at org.testng.internal.TestInvoker.invokeMethod(TestInvoker.java:598)
	at org.testng.internal.TestInvoker.invokeTestMethod(TestInvoker.java:173)
	at org.testng.internal.MethodRunner.runInSequence(MethodRunner.java:46)
	at org.testng.internal.TestInvoker$MethodInvocationAgent.invoke(TestInvoker.java:824)
	at org.testng.internal.TestInvoker.invokeTestMethods(TestInvoker.java:146)
	at org.testng.internal.TestMethodWorker.invokeTestMethods(TestMethodWorker.java:146)
	at org.testng.internal.TestMethodWorker.run(TestMethodWorker.java:128)
	at java.base/java.util.ArrayList.forEach(ArrayList.java:1511)
	at org.testng.TestRunner.privateRun(TestRunner.java:794)
	at org.testng.TestRunner.run(TestRunner.java:596)
	at org.testng.SuiteRunner.runTest(SuiteRunner.java:377)
	at org.testng.SuiteRunner.runSequentially(SuiteRunner.java:371)
	at org.testng.SuiteRunner.privateRun(SuiteRunner.java:332)
	at org.testng.SuiteRunner.run(SuiteRunner.java:276)
	at org.testng.SuiteRunnerWorker.runSuite(SuiteRunnerWorker.java:53)
	at org.testng.SuiteRunnerWorker.run(SuiteRunnerWorker.java:96)
	at org.testng.TestNG.runSuitesSequentially(TestNG.java:1212)
	at org.testng.TestNG.runSuitesLocally(TestNG.java:1134)
	at org.testng.TestNG.runSuites(TestNG.java:1063)
	at org.testng.TestNG.run(TestNG.java:1031)
	at com.intellij.rt.testng.IDEARemoteTestNG.run(IDEARemoteTestNG.java:66)
	at com.intellij.rt.testng.RemoteTestNGStarter.main(RemoteTestNGStarter.java:109)
</div>
</div>
<p class="totop"><a href="#summary">back to summary</a></p>
<h2 id="m3">com.qa.App.test.HomePageTest:verifyLoginPageTitleTest</h2>
<p class="totop"><a href="#summary">back to summary</a></p>
<h2 id="m4">com.qa.App.test.HomePageTest:ValidateCartItems</h2>
<p class="totop"><a href="#summary">back to summary</a></p>
<h2 id="m5">com.qa.App.test.HomePageTest:homePageTitleTest</h2>
<p class="totop"><a href="#summary">back to summary</a></p>
<h2 id="m6">com.qa.App.test.HomePageTest:contactpageValidateErrorTest</h2>
<p class="totop"><a href="#summary">back to summary</a></p>
</body></html>
